11.08.2021 18:16:15.932 WARNING:scrape:<module>::CREATE HTML SESSION COMPLETED
11.08.2021 18:16:15.956 INFO:Banks:getResponse:Creating session at URL : https://www.otpbanka.hr/hr/tecajna-lista
11.08.2021 18:16:16.444 INFO:Banks:getResponse:Session created at URL : https://www.otpbanka.hr/hr/tecajna-lista
11.08.2021 18:16:16.444 INFO:Banks:renderHtml:Rendering HTML
11.08.2021 18:16:27.697 CRITICAL:Banks:renderHtml:Exception occurred : <class 'Exception'>
11.08.2021 18:16:27.697 INFO:Banks:renderHtml:HTML rendered
11.08.2021 18:16:27.697 INFO:Banks:parseHtml:Parsing HTML
11.08.2021 18:16:27.853 ERROR:Banks:getRates:Parse exception
Traceback (most recent call last):
  File "C:\Users\smamu\OneDrive\Documents\CODE\currency-exchange-rate-scraper\modules\Banks.py", line 73, in getRates
    f'Midmarket rate is {parsedText[parsedText.index(currency) + 5]}')
ValueError: 'EUR' is not in list
11.08.2021 18:18:28.666 WARNING:__main__:<module>():CREATE HTML SESSION COMPLETED
11.08.2021 18:18:28.666 INFO:modules.Banks:getResponse():Creating session at URL : https://www.otpbanka.hr/hr/tecajna-lista
11.08.2021 18:18:29.146 INFO:modules.Banks:getResponse():Session created at URL : https://www.otpbanka.hr/hr/tecajna-lista
11.08.2021 18:18:29.146 INFO:modules.Banks:renderHtml():Rendering HTML
11.08.2021 18:18:39.292 INFO:modules.Banks:renderHtml():HTML rendered
11.08.2021 18:18:39.292 INFO:modules.Banks:parseHtml():Parsing HTML
11.08.2021 18:18:39.604 INFO:modules.Banks:getResponse():Creating session at URL : https://www.zaba.hr/home/tecajna
11.08.2021 18:18:40.097 INFO:modules.Banks:getResponse():Session created at URL : https://www.zaba.hr/home/tecajna
11.08.2021 18:18:40.113 INFO:modules.Banks:renderHtml():Rendering HTML
11.08.2021 18:18:45.240 INFO:modules.Banks:renderHtml():HTML rendered
11.08.2021 18:18:45.240 INFO:modules.Banks:parseHtml():Parsing HTML
11.08.2021 18:18:45.855 INFO:modules.Banks:getResponse():Creating session at URL : https://www.zaba.hr/home/tecajna#pan2
11.08.2021 18:18:46.142 INFO:modules.Banks:getResponse():Session created at URL : https://www.zaba.hr/home/tecajna#pan2
11.08.2021 18:18:46.142 INFO:modules.Banks:renderHtml():Rendering HTML
11.08.2021 18:18:51.426 INFO:modules.Banks:renderHtml():HTML rendered
11.08.2021 18:18:51.426 INFO:modules.Banks:parseHtml():Parsing HTML
11.08.2021 19:02:47.912 WARNING:__main__:<module>():CREATE HTML SESSION COMPLETED
11.08.2021 19:02:47.928 INFO:modules.Banks:getResponse():Creating session at URL : https://www.otpbanka.hr/hr/tecajna-lista
11.08.2021 19:02:48.412 INFO:modules.Banks:getResponse():Session created at URL : https://www.otpbanka.hr/hr/tecajna-lista
11.08.2021 19:02:48.412 INFO:modules.Banks:renderHtml():Rendering HTML
11.08.2021 19:02:59.365 INFO:modules.Banks:renderHtml():HTML rendered
11.08.2021 19:02:59.365 INFO:modules.Banks:parseHtml():Parsing HTML
11.08.2021 19:02:59.662 INFO:modules.Banks:getResponse():Creating session at URL : https://www.zaba.hr/home/tecajna
11.08.2021 19:03:00.244 INFO:modules.Banks:getResponse():Session created at URL : https://www.zaba.hr/home/tecajna
11.08.2021 19:03:00.244 INFO:modules.Banks:renderHtml():Rendering HTML
11.08.2021 19:03:05.174 INFO:modules.Banks:renderHtml():HTML rendered
11.08.2021 19:03:05.174 INFO:modules.Banks:parseHtml():Parsing HTML
11.08.2021 19:03:05.705 INFO:modules.Banks:getResponse():Creating session at URL : https://www.zaba.hr/home/tecajna#pan2
11.08.2021 19:03:05.985 INFO:modules.Banks:getResponse():Session created at URL : https://www.zaba.hr/home/tecajna#pan2
11.08.2021 19:03:05.985 INFO:modules.Banks:renderHtml():Rendering HTML
11.08.2021 19:03:10.442 INFO:modules.Banks:renderHtml():HTML rendered
11.08.2021 19:03:10.442 INFO:modules.Banks:parseHtml():Parsing HTML
11.08.2021 19:19:50.476 INFO:__main__:<module>():CREATE HTML SESSION COMPLETED
11.08.2021 19:19:50.476 INFO:modules.Banks:getResponse():Creating session at URL : https://www.otpbanka.hr/hr/tecajna-lista
11.08.2021 19:19:50.963 INFO:modules.Banks:getResponse():Session created at URL : https://www.otpbanka.hr/hr/tecajna-lista
11.08.2021 19:19:50.963 INFO:modules.Banks:renderHtml():Rendering HTML
11.08.2021 19:20:01.684 CRITICAL:modules.Banks:renderHtml():Exception occurred : <class 'Exception'>
11.08.2021 19:20:01.684 INFO:modules.Banks:renderHtml():HTML rendered
11.08.2021 19:20:01.684 INFO:modules.Banks:parseHtml():Parsing HTML
11.08.2021 19:20:01.832 ERROR:modules.Banks:getRates():Parse exception
Traceback (most recent call last):
  File "C:\Users\smamu\OneDrive\Documents\CODE\currency-exchange-rate-scraper\modules\Banks.py", line 73, in getRates
    f'Midmarket rate is {parsedText[parsedText.index(currency) + 5]}')
ValueError: 'EUR' is not in list
11.08.2021 19:21:18.903 INFO:__main__:<module>():CREATE HTML SESSION COMPLETED
11.08.2021 19:21:18.919 INFO:modules.Banks:getResponse():30:Creating session at URL : https://www.otpbanka.hr/hr/tecajna-lista
11.08.2021 19:21:19.383 INFO:modules.Banks:getResponse():34:Session created at URL : https://www.otpbanka.hr/hr/tecajna-lista
11.08.2021 19:21:19.399 INFO:modules.Banks:renderHtml():42:Rendering HTML
11.08.2021 19:21:30.389 INFO:modules.Banks:renderHtml():47:HTML rendered
11.08.2021 19:21:30.389 INFO:modules.Banks:parseHtml():52:Parsing HTML
11.08.2021 19:21:30.727 INFO:modules.Banks:getResponse():30:Creating session at URL : https://www.zaba.hr/home/tecajna
11.08.2021 19:21:31.340 INFO:modules.Banks:getResponse():34:Session created at URL : https://www.zaba.hr/home/tecajna
11.08.2021 19:21:31.340 INFO:modules.Banks:renderHtml():42:Rendering HTML
11.08.2021 19:21:37.360 INFO:modules.Banks:renderHtml():47:HTML rendered
11.08.2021 19:21:37.360 INFO:modules.Banks:parseHtml():52:Parsing HTML
11.08.2021 19:21:38.200 INFO:modules.Banks:getResponse():30:Creating session at URL : https://www.zaba.hr/home/tecajna#pan2
11.08.2021 19:21:38.496 INFO:modules.Banks:getResponse():34:Session created at URL : https://www.zaba.hr/home/tecajna#pan2
11.08.2021 19:21:38.496 INFO:modules.Banks:renderHtml():42:Rendering HTML
11.08.2021 19:21:44.910 INFO:modules.Banks:renderHtml():47:HTML rendered
11.08.2021 19:21:44.910 INFO:modules.Banks:parseHtml():52:Parsing HTML
11.08.2021 19:42:28.092 INFO:__main__:<module>():CREATE HTML SESSION COMPLETED
11.08.2021 19:42:28.094 INFO:modules.Banks:getResponse():30:Creating session at URL : https://www.otpbanka.hr/hr/tecajna-lista
11.08.2021 19:42:28.605 INFO:modules.Banks:getResponse():34:Session created at URL : https://www.otpbanka.hr/hr/tecajna-lista
11.08.2021 19:42:28.605 INFO:modules.Banks:renderHtml():42:Rendering HTML
11.08.2021 19:42:39.106 INFO:modules.Banks:renderHtml():47:HTML rendered
11.08.2021 19:42:39.106 INFO:modules.Banks:parseHtml():52:Parsing HTML
11.08.2021 19:42:39.411 INFO:modules.Banks:getResponse():30:Creating session at URL : https://www.zaba.hr/home/tecajna
11.08.2021 19:42:39.900 INFO:modules.Banks:getResponse():34:Session created at URL : https://www.zaba.hr/home/tecajna
11.08.2021 19:42:39.901 INFO:modules.Banks:renderHtml():42:Rendering HTML
11.08.2021 19:42:44.314 INFO:modules.Banks:renderHtml():47:HTML rendered
11.08.2021 19:42:44.315 INFO:modules.Banks:parseHtml():52:Parsing HTML
11.08.2021 19:42:44.828 INFO:modules.Banks:getResponse():30:Creating session at URL : https://www.zaba.hr/home/tecajna#pan2
11.08.2021 19:42:45.085 INFO:modules.Banks:getResponse():34:Session created at URL : https://www.zaba.hr/home/tecajna#pan2
11.08.2021 19:42:45.086 INFO:modules.Banks:renderHtml():42:Rendering HTML
11.08.2021 19:42:49.495 INFO:modules.Banks:renderHtml():47:HTML rendered
11.08.2021 19:42:49.495 INFO:modules.Banks:parseHtml():52:Parsing HTML
11.08.2021 19:57:27.690 INFO:__main__:<module>():CREATE HTML SESSION COMPLETED
11.08.2021 19:57:27.691 INFO:modules.Banks:getResponse():30:Creating session at URL : https://www.otpbanka.hr/hr/tecajna-lista
11.08.2021 19:57:28.152 INFO:modules.Banks:getResponse():34:Session created at URL : https://www.otpbanka.hr/hr/tecajna-lista
11.08.2021 19:57:28.152 INFO:modules.Banks:renderHtml():42:Rendering HTML
11.08.2021 19:57:37.421 INFO:modules.Banks:renderHtml():47:HTML rendered
11.08.2021 19:57:37.422 INFO:modules.Banks:parseHtml():52:Parsing HTML
11.08.2021 19:57:37.969 INFO:modules.Banks:getResponse():30:Creating session at URL : https://www.zaba.hr/home/tecajna
11.08.2021 19:57:38.518 INFO:modules.Banks:getResponse():34:Session created at URL : https://www.zaba.hr/home/tecajna
11.08.2021 19:57:38.518 INFO:modules.Banks:renderHtml():42:Rendering HTML
11.08.2021 19:57:43.684 INFO:modules.Banks:renderHtml():47:HTML rendered
11.08.2021 19:57:43.684 INFO:modules.Banks:parseHtml():52:Parsing HTML
11.08.2021 19:57:44.205 INFO:modules.Banks:getResponse():30:Creating session at URL : https://www.zaba.hr/home/tecajna#pan2
11.08.2021 19:57:44.432 INFO:modules.Banks:getResponse():34:Session created at URL : https://www.zaba.hr/home/tecajna#pan2
11.08.2021 19:57:44.433 INFO:modules.Banks:renderHtml():42:Rendering HTML
11.08.2021 19:57:48.968 INFO:modules.Banks:renderHtml():47:HTML rendered
11.08.2021 19:57:48.968 INFO:modules.Banks:parseHtml():52:Parsing HTML
