10.09.2021 16:26:23.242 INFO:__main__:<module>():CREATE HTML SESSION COMPLETED
10.09.2021 16:26:23.258 INFO:modules.Banks:getResponse():30:Creating session at URL : https://www.otpbanka.hr/hr/tecajna-lista
10.09.2021 16:26:23.607 INFO:modules.Banks:getResponse():34:Session created at URL : https://www.otpbanka.hr/hr/tecajna-lista
10.09.2021 16:26:23.608 INFO:modules.Banks:renderHtml():42:Rendering HTML
10.09.2021 16:26:33.569 INFO:modules.Banks:renderHtml():47:HTML rendered
10.09.2021 16:26:33.569 INFO:modules.Banks:parseHtml():52:Parsing HTML
10.09.2021 16:26:33.879 INFO:modules.Banks:getResponse():30:Creating session at URL : https://www.zaba.hr/home/tecajna
10.09.2021 16:26:34.440 INFO:modules.Banks:getResponse():34:Session created at URL : https://www.zaba.hr/home/tecajna
10.09.2021 16:26:34.440 INFO:modules.Banks:renderHtml():42:Rendering HTML
10.09.2021 16:26:38.948 INFO:modules.Banks:renderHtml():47:HTML rendered
10.09.2021 16:26:38.948 INFO:modules.Banks:parseHtml():52:Parsing HTML
10.09.2021 16:26:39.455 INFO:modules.Banks:getResponse():30:Creating session at URL : https://www.zaba.hr/home/tecajna#pan2
10.09.2021 16:26:39.850 INFO:modules.Banks:getResponse():34:Session created at URL : https://www.zaba.hr/home/tecajna#pan2
10.09.2021 16:26:39.850 INFO:modules.Banks:renderHtml():42:Rendering HTML
10.09.2021 16:26:44.185 INFO:modules.Banks:renderHtml():47:HTML rendered
10.09.2021 16:26:44.185 INFO:modules.Banks:parseHtml():52:Parsing HTML
10.09.2021 18:42:17.658 INFO:__main__:<module>():CREATE HTML SESSION COMPLETED
10.09.2021 18:42:18.059 INFO:modules.Banks:getResponse():28:Creating session at URL : https://www.otpbanka.hr/hr/tecajna-lista
10.09.2021 18:42:18.334 INFO:modules.Banks:getResponse():32:Session created at URL : https://www.otpbanka.hr/hr/tecajna-lista
10.09.2021 18:42:18.335 INFO:modules.Banks:renderHtml():40:Rendering HTML
10.09.2021 18:42:27.151 INFO:modules.Banks:renderHtml():45:HTML rendered
10.09.2021 18:42:27.152 INFO:modules.Banks:parseHtml():50:Parsing HTML
10.09.2021 18:42:27.456 INFO:modules.Banks:getResponse():28:Creating session at URL : https://www.zaba.hr/home/tecajna
10.09.2021 18:42:27.796 INFO:modules.Banks:getResponse():32:Session created at URL : https://www.zaba.hr/home/tecajna
10.09.2021 18:42:27.796 INFO:modules.Banks:renderHtml():40:Rendering HTML
10.09.2021 18:42:31.665 INFO:modules.Banks:renderHtml():45:HTML rendered
10.09.2021 18:42:31.665 INFO:modules.Banks:parseHtml():50:Parsing HTML
10.09.2021 18:42:32.187 INFO:modules.Banks:getResponse():28:Creating session at URL : https://www.zaba.hr/home/tecajna#pan2
10.09.2021 18:42:32.381 INFO:modules.Banks:getResponse():32:Session created at URL : https://www.zaba.hr/home/tecajna#pan2
10.09.2021 18:42:32.381 INFO:modules.Banks:renderHtml():40:Rendering HTML
10.09.2021 18:42:36.626 INFO:modules.Banks:renderHtml():45:HTML rendered
10.09.2021 18:42:36.627 INFO:modules.Banks:parseHtml():50:Parsing HTML
10.09.2021 19:37:09.888 INFO:__main__:<module>():CREATE HTML SESSION COMPLETED
10.09.2021 19:37:09.888 INFO:modules.Banks:getResponse():28:Creating session at URL : https://www.otpbanka.hr/hr/tecajna-lista
10.09.2021 19:37:10.222 INFO:modules.Banks:getResponse():32:Session created at URL : https://www.otpbanka.hr/hr/tecajna-lista
10.09.2021 19:37:10.223 INFO:modules.Banks:renderHtml():40:Rendering HTML
10.09.2021 19:37:19.780 INFO:modules.Banks:renderHtml():45:HTML rendered
10.09.2021 19:37:19.780 INFO:modules.Banks:parseHtml():50:Parsing HTML
10.09.2021 19:37:20.089 INFO:modules.Banks:getResponse():28:Creating session at URL : https://www.zaba.hr/home/tecajna
10.09.2021 19:37:20.513 INFO:modules.Banks:getResponse():32:Session created at URL : https://www.zaba.hr/home/tecajna
10.09.2021 19:37:20.513 INFO:modules.Banks:renderHtml():40:Rendering HTML
10.09.2021 19:37:24.408 INFO:modules.Banks:renderHtml():45:HTML rendered
10.09.2021 19:37:24.408 INFO:modules.Banks:parseHtml():50:Parsing HTML
10.09.2021 19:37:24.930 INFO:modules.Banks:getResponse():28:Creating session at URL : https://www.zaba.hr/home/tecajna#pan2
10.09.2021 19:37:25.172 INFO:modules.Banks:getResponse():32:Session created at URL : https://www.zaba.hr/home/tecajna#pan2
10.09.2021 19:37:25.172 INFO:modules.Banks:renderHtml():40:Rendering HTML
10.09.2021 19:37:29.884 INFO:modules.Banks:renderHtml():45:HTML rendered
10.09.2021 19:37:29.884 INFO:modules.Banks:parseHtml():50:Parsing HTML
